  source.cpp
source.cpp(415): warning C4244: '인수': 'double'에서 'int'(으)로 변환하면서 데이터가 손실될 수 있습니다.
source.cpp(577): warning C4005: 'MIN': 매크로 재정의
  C:\opencv\build\include\opencv2/core/cvdef.h(337): note: 'MIN'의 이전 정의를 참조하십시오.
source.cpp(747): warning C4244: '=': 'double'에서 'int'(으)로 변환하면서 데이터가 손실될 수 있습니다.
source.cpp(820): warning C4244: '초기화 중': 'double'에서 'int'(으)로 변환하면서 데이터가 손실될 수 있습니다.
source.cpp(820): warning C4244: '초기화 중': 'double'에서 'const int'(으)로 변환하면서 데이터가 손실될 수 있습니다.
source.cpp(991): warning C4244: '=': 'double'에서 'int'(으)로 변환하면서 데이터가 손실될 수 있습니다.
source.cpp(1251): warning C4244: 'return': '__int64'에서 'double'(으)로 변환하면서 데이터가 손실될 수 있습니다.
source.cpp(775): warning C4244: '=': 'float'에서 'int'(으)로 변환하면서 데이터가 손실될 수 있습니다.
  source.cpp(904): note: 컴파일 중인 함수 템플릿 인스턴스화 'void ImageScaling<int>(Type **,int,int,float,Type **)'에 대한 참조를 확인하십시오.
          with
          [
              Type=int
          ]
  코드를 생성하고 있습니다.
  4 of 342 functions ( 1.2%) were compiled, the rest were copied from previous compilation.
    0 functions were new in current compilation
    0 functions had inline decision re-evaluated but remain unchanged
  코드를 생성했습니다.
  display.vcxproj -> C:\Users\youli\OneDrive\바탕 화면\Workspace\download\Image-Processing-0b50db157c53bc59d9dd501238b89d45faa7e79d\x64\Release\display.exe
  display.vcxproj -> C:\Users\youli\OneDrive\바탕 화면\Workspace\download\Image-Processing-0b50db157c53bc59d9dd501238b89d45faa7e79d\x64\Release\display.pdb (Full PDB)
